<?xml version="1.0" encoding="UTF-8"?>
<!-- Generated by org.testng.reporters.JUnitXMLReporter -->
<testsuite ignored="0" hostname="SIHA-BLR-01" failures="0" tests="3" name="Test" time="12.789" errors="0" timestamp="2021-08-10T17:01:20 IST">
  <testcase classname="Academy.E2EProject.HomePage" name="BasePageNavigation" time="5.393"/>
  <testcase classname="Academy.E2EProject.HomePage" name="BasePageNavigation" time="2.307"/>
  <testcase classname="Academy.E2EProject.HomePage" name="BasePageNavigation" time="2.92"/>
</testsuite> <!-- Test -->
