<?xml version="1.0" encoding="UTF-8"?>
<!-- Generated by org.testng.reporters.JUnitXMLReporter -->
<testsuite ignored="0" hostname="SIHA-BLR-01" failures="0" tests="3" name="Test" time="11.712" errors="0" timestamp="2021-08-07T19:25:25 IST">
  <testcase classname="Academy.E2EProject.HomePage" name="BasePageNavigation" time="3.437"/>
  <testcase classname="Academy.E2EProject.HomePage" name="BasePageNavigation" time="1.805"/>
  <testcase classname="Academy.E2EProject.Validations" name="validatetitle" time="0.105"/>
</testsuite> <!-- Test -->
