<?xml version="1.0" encoding="UTF-8"?>
<testsuite xmlns:xsi="http://www.w3.org/2001/XMLSchema-instance" xsi:noNamespaceSchemaLocation="https://maven.apache.org/surefire/maven-surefire-plugin/xsd/surefire-test-report.xsd" name="TestSuite" time="12.328" tests="3" errors="0" skipped="0" failures="0">
  <properties>
[...]
</properties>
  <testcase name="BasePageNavigation" classname="Academy.E2EProject.HomePage" time="3.439"/>
  <testcase name="BasePageNavigation" classname="Academy.E2EProject.HomePage" time="1.803"/>
  <testcase name="validatetitle" classname="Academy.E2EProject.Validations" time="0.106"/>
</testsuite>