<?xml version="1.0" encoding="UTF-8"?>
<testng-results ignored="0" total="3" passed="3" failed="0" skipped="0">
  <reporter-output>
  </reporter-output>
  <suite started-at="2021-08-07T19:25:13 IST" name="Suite" finished-at="2021-08-07T19:25:25 IST" duration-ms="11712">
    <groups>
    </groups>
    <test started-at="2021-08-07T19:25:13 IST" name="Test" finished-at="2021-08-07T19:25:25 IST" duration-ms="11712">
      <class name="Academy.E2EProject.HomePage">
        <test-method is-config="true" signature="prereq()[pri:0, instance:Academy.E2EProject.HomePage@4f638935]" started-at="2021-08-07T19:25:13 IST" name="prereq" finished-at="2021-08-07T19:25:15 IST" duration-ms="2078" status="PASS">
          <reporter-output>
          </reporter-output>
        </test-method> <!-- prereq -->
        <test-method signature="BasePageNavigation(java.lang.String,java.lang.String,java.lang.String)[pri:0, instance:Academy.E2EProject.HomePage@4f638935]" started-at="2021-08-07T19:25:19 IST" name="BasePageNavigation" data-provider="getData" finished-at="2021-08-07T19:25:23 IST" duration-ms="3437" status="PASS">
          <params>
            <param index="0">
              <value>
                <![CDATA[nonrestricteduser@qw.com]]>
              </value>
            </param>
            <param index="1">
              <value>
                <![CDATA[123456]]>
              </value>
            </param>
            <param index="2">
              <value>
                <![CDATA[nonrestricteduser]]>
              </value>
            </param>
          </params>
          <reporter-output>
          </reporter-output>
        </test-method> <!-- BasePageNavigation -->
        <test-method signature="BasePageNavigation(java.lang.String,java.lang.String,java.lang.String)[pri:0, instance:Academy.E2EProject.HomePage@4f638935]" started-at="2021-08-07T19:25:23 IST" name="BasePageNavigation" data-provider="getData" finished-at="2021-08-07T19:25:25 IST" duration-ms="1805" status="PASS">
          <params>
            <param index="0">
              <value>
                <![CDATA[restricteduser@qw.com]]>
              </value>
            </param>
            <param index="1">
              <value>
                <![CDATA[456788]]>
              </value>
            </param>
            <param index="2">
              <value>
                <![CDATA[restricteduser]]>
              </value>
            </param>
          </params>
          <reporter-output>
          </reporter-output>
        </test-method> <!-- BasePageNavigation -->
        <test-method is-config="true" signature="closedriver()[pri:0, instance:Academy.E2EProject.HomePage@4f638935]" started-at="2021-08-07T19:25:25 IST" name="closedriver" finished-at="2021-08-07T19:25:25 IST" duration-ms="206" status="PASS">
          <reporter-output>
          </reporter-output>
        </test-method> <!-- closedriver -->
      </class> <!-- Academy.E2EProject.HomePage -->
      <class name="Academy.E2EProject.Validations">
        <test-method is-config="true" signature="prereq()[pri:0, instance:Academy.E2EProject.Validations@2aa3cd93]" started-at="2021-08-07T19:25:15 IST" name="prereq" finished-at="2021-08-07T19:25:19 IST" duration-ms="3839" status="PASS">
          <reporter-output>
          </reporter-output>
        </test-method> <!-- prereq -->
        <test-method signature="validatetitle()[pri:0, instance:Academy.E2EProject.Validations@2aa3cd93]" started-at="2021-08-07T19:25:25 IST" name="validatetitle" finished-at="2021-08-07T19:25:25 IST" duration-ms="105" status="PASS">
          <reporter-output>
          </reporter-output>
        </test-method> <!-- validatetitle -->
        <test-method is-config="true" signature="closedriver()[pri:0, instance:Academy.E2EProject.Validations@2aa3cd93]" started-at="2021-08-07T19:25:25 IST" name="closedriver" finished-at="2021-08-07T19:25:25 IST" duration-ms="192" status="PASS">
          <reporter-output>
          </reporter-output>
        </test-method> <!-- closedriver -->
      </class> <!-- Academy.E2EProject.Validations -->
    </test> <!-- Test -->
  </suite> <!-- Suite -->
</testng-results>
